d:\family folder\father folder\schoolmgmtdb\x64\debug\vc143.pdb
d:\family folder\father folder\schoolmgmtdb\x64\debug\vc143.idb
d:\family folder\father folder\schoolmgmtdb\x64\debug\teachermgmt.obj
d:\family folder\father folder\schoolmgmtdb\x64\debug\studentmgmt.obj
d:\family folder\father folder\schoolmgmtdb\x64\debug\myutils.obj
d:\family folder\father folder\schoolmgmtdb\x64\debug\mssqldb.obj
d:\family folder\father folder\schoolmgmtdb\x64\debug\mainmgmt.obj
d:\family folder\father folder\schoolmgmtdb\x64\debug\schoolmgmtdb.obj
d:\family folder\father folder\schoolmgmtdb\x64\debug\mssqldb.obj.enc
d:\family folder\father folder\schoolmgmtdb\x64\debug\schoolmgmtdb.obj.enc
d:\family folder\father folder\schoolmgmtdb\x64\debug\schoolmgmtdb.pdb
d:\family folder\father folder\schoolmgmtdb\x64\debug\schoolmgmtdb.tlog\cl.command.1.tlog
d:\family folder\father folder\schoolmgmtdb\x64\debug\schoolmgmtdb.tlog\cl.read.1.tlog
d:\family folder\father folder\schoolmgmtdb\x64\debug\schoolmgmtdb.tlog\cl.write.1.tlog
d:\family folder\father folder\schoolmgmtdb\x64\debug\schoolmgmtdb.tlog\link-cvtres.read.1.tlog
d:\family folder\father folder\schoolmgmtdb\x64\debug\schoolmgmtdb.tlog\link-cvtres.write.1.tlog
d:\family folder\father folder\schoolmgmtdb\x64\debug\schoolmgmtdb.tlog\link-rc.read.1.tlog
d:\family folder\father folder\schoolmgmtdb\x64\debug\schoolmgmtdb.tlog\link-rc.write.1.tlog
d:\family folder\father folder\schoolmgmtdb\x64\debug\schoolmgmtdb.tlog\link.2844-cvtres.read.1.tlog
d:\family folder\father folder\schoolmgmtdb\x64\debug\schoolmgmtdb.tlog\link.2844-cvtres.write.1.tlog
d:\family folder\father folder\schoolmgmtdb\x64\debug\schoolmgmtdb.tlog\link.2844-rc.read.1.tlog
d:\family folder\father folder\schoolmgmtdb\x64\debug\schoolmgmtdb.tlog\link.2844-rc.write.1.tlog
d:\family folder\father folder\schoolmgmtdb\x64\debug\schoolmgmtdb.tlog\link.2844.read.1.tlog
d:\family folder\father folder\schoolmgmtdb\x64\debug\schoolmgmtdb.tlog\link.2844.read.2.tlog
d:\family folder\father folder\schoolmgmtdb\x64\debug\schoolmgmtdb.tlog\link.2844.write.1.tlog
d:\family folder\father folder\schoolmgmtdb\x64\debug\schoolmgmtdb.tlog\link.command.1.tlog
d:\family folder\father folder\schoolmgmtdb\x64\debug\schoolmgmtdb.tlog\link.read.1.tlog
d:\family folder\father folder\schoolmgmtdb\x64\debug\schoolmgmtdb.tlog\link.read.2.tlog
d:\family folder\father folder\schoolmgmtdb\x64\debug\schoolmgmtdb.tlog\link.write.1.tlog
